\BOOKMARK [0][-]{chapter.1}{\376\377\000W\000s\000t\001\031\000p}{}% 1
\BOOKMARK [0][-]{chapter.2}{\376\377\000S\000i\000e\000c\000i\000\040\000N\000e\000u\000r\000o\000n\000o\000w\000e}{}% 2
\BOOKMARK [1][-]{section.2.1}{\376\377\000F\000u\000n\000k\000c\000j\000a\000\040\000a\000k\000t\000y\000w\000a\000c\000j\000i}{chapter.2}% 3
\BOOKMARK [1][-]{section.2.2}{\376\377\000A\000r\000c\000h\000i\000t\000e\000k\000t\000u\000r\000a\000\040\000s\000i\000e\000c\000i\000\040\000n\000e\000u\000r\000o\000n\000o\000w\000e\000j}{chapter.2}% 4
\BOOKMARK [1][-]{section.2.3}{\376\377\000T\000e\000c\000h\000n\000i\000k\000i\000\040\000u\000c\000z\000e\000n\000i\000a\000\040\000s\000i\000e\000c\000i\000\040\000n\000e\000u\000r\000o\000n\000o\000w\000y\000c\000h}{chapter.2}% 5
\BOOKMARK [1][-]{section.2.4}{\376\377\000F\000u\000n\000k\000c\000j\000e\000\040\000k\000o\000s\000z\000t\000u\000\040\000\050\000s\000t\000r\000a\000t\000y\000\051}{chapter.2}% 6
\BOOKMARK [1][-]{section.2.5}{\376\377\000A\000l\000g\000o\000r\000y\000t\000m\000y\000\040\000o\000p\000t\000y\000m\000a\000l\000i\000z\000a\000c\000j\000i}{chapter.2}% 7
\BOOKMARK [1][-]{section.2.6}{\376\377\000P\000r\000o\000b\000l\000e\000m\000y\000\040\000g\000r\000a\000d\000i\000e\000n\000t\000o\000w\000e}{chapter.2}% 8
\BOOKMARK [1][-]{section.2.7}{\376\377\000T\000e\000c\000h\000n\000i\000k\000i\000\040\000s\000t\000a\000b\000i\000l\000i\000z\000a\000c\000j\000i\000\040\000i\000\040\000u\000s\000p\000r\000a\000w\000n\000i\000e\000n\000i\000a\000\040\000p\000r\000o\000c\000e\000s\000u\000\040\000u\000c\000z\000e\000n\000i\000a}{chapter.2}% 9
\BOOKMARK [0][-]{chapter.3}{\376\377\000S\000i\000e\000c\000i\000\040\000K\000o\000n\000w\000o\000l\000u\000c\000y\000j\000n\000e}{}% 10
\BOOKMARK [1][-]{section.3.1}{\376\377\000G\000e\000n\000e\000z\000a}{chapter.3}% 11
\BOOKMARK [1][-]{section.3.2}{\376\377\000S\000p\000o\000s\000\363\000b\000\040\000d\000z\000i\000a\001\102\000a\000n\000i\000a}{chapter.3}% 12
\BOOKMARK [0][-]{chapter.4}{\376\377\001\132\000r\000o\000d\000o\000w\000i\000s\000k\000o\000\040\000t\000e\000s\000t\000o\000w\000e}{}% 13
\BOOKMARK [1][-]{section.4.1}{\376\377\000J\000u\000s\000t\000\040\000i\000n\000\040\000c\000a\000s\000e}{chapter.4}% 14
\BOOKMARK [0][-]{chapter.5}{\376\377\000Z\000e\000s\000t\000a\000w\000i\000e\000n\000i\000e\000\040\000u\001\174\000y\000t\000y\000c\000h\000\040\000r\000o\000z\000w\000i\001\005\000z\000a\001\104}{}% 15
\BOOKMARK [0][-]{chapter.6}{\376\377\000W\000y\000n\000i\000k\000i}{}% 16
\BOOKMARK [0][-]{section*.22}{\376\377\000B\000i\000b\000l\000i\000o\000g\000r\000a\000f\000i\000a}{}% 17
\BOOKMARK [0][-]{chapter*.23}{\376\377\000W\000y\000k\000a\000z\000\040\000s\000k\000r\000\363\000t\000\363\000w\000\040\000i\000\040\000s\000y\000m\000b\000o\000l\000i}{}% 18
\BOOKMARK [0][-]{chapter*.24}{\376\377\000S\000p\000i\000s\000\040\000r\000y\000s\000u\000n\000k\000\363\000w}{}% 19
\BOOKMARK [0][-]{chapter*.25}{\376\377\000S\000p\000i\000s\000\040\000t\000a\000b\000e\000l}{}% 20
